<?xml version="1.0" encoding="UTF-8"?>
<!-- Generated by org.testng.reporters.JUnitXMLReporter -->
<testsuite ignored="0" hostname="DESKTOP-CT70H6V" failures="1" tests="3" name="Error Validations Test" time="34.616" errors="0" timestamp="2024-03-29T16:13:51 MEZ">
  <testcase classname="rahulshettyacademy.tests.ErrorValidationsTest" name="LoginValidation" time="1.055">
    <skipped/>
  </testcase> <!-- LoginValidation -->
  <testcase classname="rahulshettyacademy.tests.ErrorValidationsTest" name="LoginValidation" time="0.729">
    <failure type="java.lang.AssertionError" message="expected:&amp;lt;Incorrect xxx email or password.&amp;gt; but was:&amp;lt;Incorrect email or password.&amp;gt;">
      <![CDATA[java.lang.AssertionError: expected:<Incorrect xxx email or password.> but was:<Incorrect email or password.>
at rahulshettyacademy.tests.ErrorValidationsTest.LoginValidation(ErrorValidationsTest.java:21)
at java.base/java.util.ArrayList.forEach(ArrayList.java:1511)
at java.base/java.util.concurrent.FutureTask.run(FutureTask.java:264)
at java.base/java.util.concurrent.ThreadPoolExecutor.runWorker(ThreadPoolExecutor.java:1136)
at java.base/java.util.concurrent.ThreadPoolExecutor$Worker.run(ThreadPoolExecutor.java:635)
at java.base/java.lang.Thread.run(Thread.java:840)
... Removed 19 stack frames]]>
    </failure>
  </testcase> <!-- LoginValidation -->
  <testcase classname="rahulshettyacademy.tests.ErrorValidationsTest" name="ProductErrorValidation" time="14.736"/>
</testsuite> <!-- Error Validations Test -->
