<?xml version="1.0" encoding="UTF-8"?>
<!-- Generated by org.testng.reporters.JUnitXMLReporter -->
<testsuite ignored="0" hostname="DESKTOP-CT70H6V" failures="0" tests="2" name="Error Validations Test" time="37.541" errors="0" timestamp="2024-04-03T05:24:54 MESZ">
  <testcase classname="rahulshettyacademy.tests.ErrorValidationsTest" name="LoginValidation" time="1.279"/>
  <testcase classname="rahulshettyacademy.tests.ErrorValidationsTest" name="ProductErrorValidation" time="21.933"/>
</testsuite> <!-- Error Validations Test -->
