<?xml version="1.0" encoding="UTF-8"?>
<testng-results ignored="0" total="5" passed="5" failed="0" skipped="0">
  <reporter-output>
  </reporter-output>
  <suite started-at="2024-04-03T05:24:15 MESZ" name="Suite" finished-at="2024-04-03T05:25:03 MESZ" duration-ms="47336">
    <groups>
      <group name="ErrorHandling">
        <method signature="ErrorValidationsTest.LoginValidation()[pri:0, instance:rahulshettyacademy.tests.ErrorValidationsTest@71687585]" name="LoginValidation" class="rahulshettyacademy.tests.ErrorValidationsTest"/>
      </group> <!-- ErrorHandling -->
      <group name="Purchase">
        <method signature="SubmitOrderTest.SubmitOrder(java.util.HashMap)[pri:0, instance:rahulshettyacademy.tests.SubmitOrderTest@533bda92]" name="SubmitOrder" class="rahulshettyacademy.tests.SubmitOrderTest"/>
      </group> <!-- Purchase -->
    </groups>
    <test started-at="2024-04-03T05:24:15 MESZ" name="Error Validations Test" finished-at="2024-04-03T05:24:53 MESZ" duration-ms="37541">
      <class name="rahulshettyacademy.tests.ErrorValidationsTest">
        <test-method is-config="true" signature="launchAppication()[pri:0, instance:rahulshettyacademy.tests.ErrorValidationsTest@71687585]" started-at="2024-04-03T05:24:15 MESZ" name="launchAppication" finished-at="2024-04-03T05:24:24 MESZ" duration-ms="8337" status="PASS">
          <reporter-output>
          </reporter-output>
        </test-method> <!-- launchAppication -->
        <test-method signature="LoginValidation()[pri:0, instance:rahulshettyacademy.tests.ErrorValidationsTest@71687585]" started-at="2024-04-03T05:24:24 MESZ" name="LoginValidation" finished-at="2024-04-03T05:24:25 MESZ" duration-ms="1279" status="PASS">
          <reporter-output>
          </reporter-output>
        </test-method> <!-- LoginValidation -->
        <test-method is-config="true" signature="signOut()[pri:0, instance:rahulshettyacademy.tests.ErrorValidationsTest@71687585]" started-at="2024-04-03T05:24:25 MESZ" name="signOut" finished-at="2024-04-03T05:24:26 MESZ" duration-ms="822" status="PASS">
          <reporter-output>
          </reporter-output>
        </test-method> <!-- signOut -->
        <test-method is-config="true" signature="launchAppication()[pri:0, instance:rahulshettyacademy.tests.ErrorValidationsTest@71687585]" started-at="2024-04-03T05:24:26 MESZ" name="launchAppication" finished-at="2024-04-03T05:24:31 MESZ" duration-ms="4807" status="PASS">
          <reporter-output>
          </reporter-output>
        </test-method> <!-- launchAppication -->
        <test-method signature="ProductErrorValidation()[pri:0, instance:rahulshettyacademy.tests.ErrorValidationsTest@71687585]" started-at="2024-04-03T05:24:31 MESZ" name="ProductErrorValidation" finished-at="2024-04-03T05:24:53 MESZ" duration-ms="21933" status="PASS">
          <reporter-output>
          </reporter-output>
        </test-method> <!-- ProductErrorValidation -->
        <test-method is-config="true" signature="signOut()[pri:0, instance:rahulshettyacademy.tests.ErrorValidationsTest@71687585]" started-at="2024-04-03T05:24:53 MESZ" name="signOut" finished-at="2024-04-03T05:24:53 MESZ" duration-ms="268" status="PASS">
          <reporter-output>
          </reporter-output>
        </test-method> <!-- signOut -->
      </class> <!-- rahulshettyacademy.tests.ErrorValidationsTest -->
    </test> <!-- Error Validations Test -->
    <test started-at="2024-04-03T05:24:15 MESZ" name="Submit Order Test" finished-at="2024-04-03T05:25:03 MESZ" duration-ms="47336">
      <class name="rahulshettyacademy.tests.SubmitOrderTest">
        <test-method is-config="true" signature="launchAppication()[pri:0, instance:rahulshettyacademy.tests.SubmitOrderTest@533bda92]" started-at="2024-04-03T05:24:16 MESZ" name="launchAppication" finished-at="2024-04-03T05:24:24 MESZ" duration-ms="8145" status="PASS">
          <reporter-output>
          </reporter-output>
        </test-method> <!-- launchAppication -->
        <test-method signature="SubmitOrder(java.util.HashMap)[pri:0, instance:rahulshettyacademy.tests.SubmitOrderTest@533bda92]" started-at="2024-04-03T05:24:24 MESZ" name="SubmitOrder" data-provider="getData" finished-at="2024-04-03T05:24:38 MESZ" duration-ms="13511" status="PASS">
          <params>
            <param index="0">
              <value>
                <![CDATA[{password=Start123!, product=ZARA COAT 3, email=raul@ortega.net}]]>
              </value>
            </param>
          </params>
          <reporter-output>
          </reporter-output>
        </test-method> <!-- SubmitOrder -->
        <test-method is-config="true" signature="signOut()[pri:0, instance:rahulshettyacademy.tests.SubmitOrderTest@533bda92]" started-at="2024-04-03T05:24:38 MESZ" name="signOut" finished-at="2024-04-03T05:24:39 MESZ" duration-ms="1666" status="PASS">
          <reporter-output>
          </reporter-output>
        </test-method> <!-- signOut -->
        <test-method is-config="true" signature="launchAppication()[pri:0, instance:rahulshettyacademy.tests.SubmitOrderTest@533bda92]" started-at="2024-04-03T05:24:39 MESZ" name="launchAppication" finished-at="2024-04-03T05:24:44 MESZ" duration-ms="4275" status="PASS">
          <reporter-output>
          </reporter-output>
        </test-method> <!-- launchAppication -->
        <test-method signature="SubmitOrder(java.util.HashMap)[pri:0, instance:rahulshettyacademy.tests.SubmitOrderTest@533bda92]" started-at="2024-04-03T05:24:44 MESZ" name="SubmitOrder" data-provider="getData" finished-at="2024-04-03T05:24:57 MESZ" duration-ms="13023" status="PASS">
          <params>
            <param index="0">
              <value>
                <![CDATA[{password=Start124!, product=ADIDAS ORIGINAL, email=carlos@ortega.net}]]>
              </value>
            </param>
          </params>
          <reporter-output>
          </reporter-output>
        </test-method> <!-- SubmitOrder -->
        <test-method is-config="true" signature="signOut()[pri:0, instance:rahulshettyacademy.tests.SubmitOrderTest@533bda92]" started-at="2024-04-03T05:24:57 MESZ" name="signOut" finished-at="2024-04-03T05:24:57 MESZ" duration-ms="269" status="PASS">
          <reporter-output>
          </reporter-output>
        </test-method> <!-- signOut -->
        <test-method is-config="true" signature="launchAppication()[pri:0, instance:rahulshettyacademy.tests.SubmitOrderTest@533bda92]" started-at="2024-04-03T05:24:57 MESZ" name="launchAppication" finished-at="2024-04-03T05:25:01 MESZ" duration-ms="4263" status="PASS">
          <reporter-output>
          </reporter-output>
        </test-method> <!-- launchAppication -->
        <test-method signature="orderHistoryTest()[pri:0, instance:rahulshettyacademy.tests.SubmitOrderTest@533bda92]" started-at="2024-04-03T05:25:01 MESZ" name="orderHistoryTest" finished-at="2024-04-03T05:25:02 MESZ" depends-on-methods="rahulshettyacademy.tests.SubmitOrderTest.SubmitOrder" duration-ms="1207" status="PASS">
          <reporter-output>
          </reporter-output>
        </test-method> <!-- orderHistoryTest -->
        <test-method is-config="true" signature="signOut()[pri:0, instance:rahulshettyacademy.tests.SubmitOrderTest@533bda92]" started-at="2024-04-03T05:25:02 MESZ" name="signOut" finished-at="2024-04-03T05:25:03 MESZ" duration-ms="268" status="PASS">
          <reporter-output>
          </reporter-output>
        </test-method> <!-- signOut -->
      </class> <!-- rahulshettyacademy.tests.SubmitOrderTest -->
    </test> <!-- Submit Order Test -->
  </suite> <!-- Suite -->
</testng-results>
