<?xml version="1.0" encoding="UTF-8"?>
<testng-results ignored="0" total="1" passed="1" failed="0" skipped="0">
  <reporter-output>
  </reporter-output>
  <suite started-at="2024-04-02T13:28:02 MESZ" name="Default suite" finished-at="2024-04-02T13:28:22 MESZ" duration-ms="20268">
    <groups>
      <group name="cucumber">
        <method signature="AbstractTestNGCucumberTests.runScenario(io.cucumber.testng.PickleWrapper,io.cucumber.testng.FeatureWrapper)[pri:0, instance:cucumber.TestNGRunner@1a75e76a]" name="runScenario" class="io.cucumber.testng.AbstractTestNGCucumberTests"/>
      </group> <!-- cucumber -->
    </groups>
    <test started-at="2024-04-02T13:28:02 MESZ" name="Default test" finished-at="2024-04-02T13:28:22 MESZ" duration-ms="20268">
      <class name="cucumber.TestNGRunner">
        <test-method is-config="true" signature="setUpClass(org.testng.ITestContext)[pri:0, instance:cucumber.TestNGRunner@1a75e76a]" started-at="2024-04-02T13:28:02 MESZ" name="setUpClass" finished-at="2024-04-02T13:28:03 MESZ" duration-ms="797" status="PASS">
          <params>
            <param index="0">
              <value>
                <![CDATA[org.testng.TestRunner@27be17c8]]>
              </value>
            </param>
          </params>
          <reporter-output>
          </reporter-output>
        </test-method> <!-- setUpClass -->
        <test-method signature="runScenario(io.cucumber.testng.PickleWrapper,io.cucumber.testng.FeatureWrapper)[pri:0, instance:cucumber.TestNGRunner@1a75e76a]" started-at="2024-04-02T13:28:03 MESZ" name="runScenario" description="Runs Cucumber Scenarios" data-provider="scenarios" finished-at="2024-04-02T13:28:22 MESZ" duration-ms="19346" status="PASS">
          <params>
            <param index="0">
              <value>
                <![CDATA["Positive Test of Order Submitting"]]>
              </value>
            </param>
            <param index="1">
              <value>
                <![CDATA["Purchase the Order from E-commerce Website"]]>
              </value>
            </param>
          </params>
          <reporter-output>
          </reporter-output>
        </test-method> <!-- runScenario -->
        <test-method is-config="true" signature="tearDownClass()[pri:0, instance:cucumber.TestNGRunner@1a75e76a]" started-at="2024-04-02T13:28:22 MESZ" name="tearDownClass" finished-at="2024-04-02T13:28:22 MESZ" duration-ms="52" status="PASS">
          <reporter-output>
          </reporter-output>
        </test-method> <!-- tearDownClass -->
      </class> <!-- cucumber.TestNGRunner -->
    </test> <!-- Default test -->
  </suite> <!-- Default suite -->
</testng-results>
